<?xml version="1.0" encoding="UTF-8"?>
<!-- Generated by org.testng.reporters.JUnitReportReporter -->
<testsuite skipped="0" hostname="DESKTOP-SJFLRU4" name="com.jbk.qa.testcases.AboutSirPageTest" tests="1" failures="0" timestamp="05 Aug 2019 09:52:31 GMT" time="13.705" errors="0">
  <testcase name="aboutSirLinkTest" time="13.705" classname="com.jbk.qa.testcases.AboutSirPageTest"/>
</testsuite> <!-- com.jbk.qa.testcases.AboutSirPageTest -->
