<?xml version="1.0" encoding="UTF-8"?>
<!-- Generated by org.testng.reporters.JUnitReportReporter -->
<testsuite skipped="0" hostname="DESKTOP-SJFLRU4" name="com.jbk.qa.testcases.HomePageTest" tests="6" failures="0" timestamp="30 Jul 2019 09:46:16 GMT" time="96.307" errors="0">
  <testcase name="HomePageTitleTest" time="10.288" classname="com.jbk.qa.testcases.HomePageTest"/>
  <testcase name="mainHeadingTitleTest" time="11.918" classname="com.jbk.qa.testcases.HomePageTest"/>
  <testcase name="belowMainHeadingTest" time="11.230" classname="com.jbk.qa.testcases.HomePageTest"/>
  <testcase name="rightHeadingTest" time="11.379" classname="com.jbk.qa.testcases.HomePageTest"/>
  <testcase name="liveVdoLinkTest" time="18.133" classname="com.jbk.qa.testcases.HomePageTest"/>
  <testcase name="clickOnGetStudentFeedbackLink" time="33.359" classname="com.jbk.qa.testcases.HomePageTest"/>
</testsuite> <!-- com.jbk.qa.testcases.HomePageTest -->
