<?xml version="1.0" encoding="UTF-8"?>
<!-- Generated by org.testng.reporters.JUnitReportReporter -->
<testsuite skipped="0" hostname="DESKTOP-SJFLRU4" name="com.jbk.qa.testcases.OldStudentFeedbackPageTest" tests="7" failures="0" timestamp="31 Jul 2019 05:17:07 GMT" time="233.994" errors="0">
  <testcase name="getFeedbackLinkTitleTest" time="33.610" classname="com.jbk.qa.testcases.OldStudentFeedbackPageTest"/>
  <testcase name="checkFeedbackPageLabelTest" time="31.462" classname="com.jbk.qa.testcases.OldStudentFeedbackPageTest"/>
  <testcase name="openImageOneTest" time="31.383" classname="com.jbk.qa.testcases.OldStudentFeedbackPageTest"/>
  <testcase name="imageOneCountTest" time="31.550" classname="com.jbk.qa.testcases.OldStudentFeedbackPageTest"/>
  <testcase name="imageOneZoomInTest" time="31.678" classname="com.jbk.qa.testcases.OldStudentFeedbackPageTest"/>
  <testcase name="imageOneZoomOutTest" time="32.329" classname="com.jbk.qa.testcases.OldStudentFeedbackPageTest"/>
  <testcase name="toggleFullscreenImageOneTest" time="41.982" classname="com.jbk.qa.testcases.OldStudentFeedbackPageTest"/>
</testsuite> <!-- com.jbk.qa.testcases.OldStudentFeedbackPageTest -->
