<?xml version="1.0" encoding="UTF-8"?>
<!-- Generated by org.testng.reporters.JUnitReportReporter -->
<testsuite skipped="0" hostname="DESKTOP-SJFLRU4" name="com.jbk.YouTubeTest" tests="1" failures="0" timestamp="03 Jul 2019 11:32:14 GMT" time="17.468" errors="0">
  <testcase name="Openvdo" time="17.468" classname="com.jbk.YouTubeTest"/>
</testsuite> <!-- com.jbk.YouTubeTest -->
