<?xml version="1.0" encoding="UTF-8"?>
<!-- Generated by org.testng.reporters.JUnitReportReporter -->
<testsuite skipped="0" hostname="DESKTOP-SJFLRU4" name="com.jbk.qa.testcases.ImageOnePageTest" tests="7" failures="0" timestamp="31 Jul 2019 06:27:17 GMT" time="75.381" errors="0">
  <testcase name="imageOneCountTest" time="10.459" classname="com.jbk.qa.testcases.ImageOnePageTest"/>
  <testcase name="imageOneZoomInTest" time="10.254" classname="com.jbk.qa.testcases.ImageOnePageTest"/>
  <testcase name="imageOneZoomOutTest" time="10.976" classname="com.jbk.qa.testcases.ImageOnePageTest"/>
  <testcase name="toggleFullscreenImageOneTest" time="10.701" classname="com.jbk.qa.testcases.ImageOnePageTest"/>
  <testcase name="detoggleFullscreenImageOneTest" time="9.934" classname="com.jbk.qa.testcases.ImageOnePageTest"/>
  <testcase name="shareImageOneTest" time="10.430" classname="com.jbk.qa.testcases.ImageOnePageTest"/>
  <testcase name="shareImageOneOnFacebookTest" time="12.627" classname="com.jbk.qa.testcases.ImageOnePageTest"/>
</testsuite> <!-- com.jbk.qa.testcases.ImageOnePageTest -->
