<?xml version="1.0" encoding="UTF-8"?>
<!-- Generated by org.testng.reporters.JUnitReportReporter -->
<testsuite skipped="0" hostname="DESKTOP-SJFLRU4" name="com.jbk.qa.testcases.HomePageTest" tests="6" failures="0" timestamp="31 Jul 2019 08:16:18 GMT" time="104.440" errors="0">
  <testcase name="HomePageTitleTest" time="9.819" classname="com.jbk.qa.testcases.HomePageTest"/>
  <testcase name="mainHeadingTitleTest" time="10.581" classname="com.jbk.qa.testcases.HomePageTest"/>
  <testcase name="belowMainHeadingTest" time="10.412" classname="com.jbk.qa.testcases.HomePageTest"/>
  <testcase name="rightHeadingTest" time="16.493" classname="com.jbk.qa.testcases.HomePageTest"/>
  <testcase name="liveVdoLinkTest" time="14.650" classname="com.jbk.qa.testcases.HomePageTest"/>
  <testcase name="clickOnGetStudentFeedbackLink" time="42.485" classname="com.jbk.qa.testcases.HomePageTest"/>
</testsuite> <!-- com.jbk.qa.testcases.HomePageTest -->
