<?xml version="1.0" encoding="UTF-8"?>
<!-- Generated by org.testng.reporters.JUnitReportReporter -->
<testsuite skipped="0" hostname="DESKTOP-SJFLRU4" name="com.jbk.LiveVdoLinkTest" tests="4" failures="0" timestamp="03 Jul 2019 11:23:59 GMT" time="22.149" errors="0">
  <testcase name="openSearchedVideo" time="10.054" classname="com.jbk.LiveVdoLinkTest"/>
  <testcase name="searchForVideo" time="0.251" classname="com.jbk.LiveVdoLinkTest"/>
  <testcase name="clickNextvdoButton" time="10.076" classname="com.jbk.LiveVdoLinkTest"/>
  <testcase name="openVideoLink" time="1.768" classname="com.jbk.LiveVdoLinkTest"/>
</testsuite> <!-- com.jbk.LiveVdoLinkTest -->
